{
  "0 debug pnpm:scope": {
    "selected": 1
  },
  "1 debug pnpm:package-manifest": {
    "initial": {
      "name": "nxt-watch",
      "private": true,
      "version": "1.0.0",
      "engines": {
        "node": "^10.13 || 12 || 14 || 15",
        "npm": ">=6"
      },
      "dependencies": {
        "@craco/craco": "6.1.1",
        "@testing-library/jest-dom": "5.11.9",
        "@testing-library/react": "11.2.5",
        "@testing-library/user-event": "12.6.2",
        "@wojtekmaj/enzyme-adapter-react-17": "0.6.3",
        "chalk": "4.1.0",
        "enzyme": "3.11.0",
        "date-fns": "2.23.0",
        "history": "5.0.1",
        "jest-styled-components": "7.0.5",
        "js-cookie": "3.0.0",
        "msw": "0.34.0",
        "react": "17.0.1",
        "react-dom": "17.0.1",
        "react-icons": "4.2.0",
        "react-loader-spinner": "4.0.0",
        "react-player": "2.9.0",
        "react-router-dom": "5.2.0",
        "reactjs-popup": "2.0.5",
        "styled-components": "5.3.0",
        "surge": "0.23.0"
      },
      "devDependencies": {
        "babel-plugin-styled-components": "1.13.2",
        "eslint-config-airbnb": "18.2.1",
        "eslint-config-prettier": "8.1.0",
        "eslint-plugin-prettier": "3.3.1",
        "husky": "4.3.8",
        "lint-staged": "10.5.4",
        "npm-run-all": "4.1.5",
        "prettier": "2.2.1",
        "react-scripts": "4.0.3"
      },
      "scripts": {
        "start": "craco start",
        "build": "craco build",
        "test": "craco test",
        "lint": "eslint .",
        "lint:fix": "eslint --fix src/",
        "format": "prettier --write \"./src\"",
        "run-all": "npm-run-all --parallel test lint:fix"
      },
      "lint-staged": {
        "*.js": [
          "npm run lint:fix"
        ],
        "*.{js, jsx, json, html, css}": [
          "npm run format"
        ]
      },
      "husky": {
        "hooks": {
          "pre-commit": "lint-staged"
        }
      },
      "jest": {
        "collectCoverageFrom": [
          "src/**/*.js"
        ]
      },
      "browserslist": {
        "development": [
          "last 2 chrome versions",
          "last 2 firefox versions",
          "last 2 edge versions"
        ],
        "production": [
          ">1%",
          "last 4 versions",
          "Firefox ESR",
          "not ie < 11"
        ]
      }
    },
    "prefix": "/home/workspace/reactjs/coding-practices/nxtWatchApp"
  },
  "2 debug pnpm:context": {
    "currentLockfileExists": false,
    "storeDir": "/home/workspace/.pnpm-store/v3",
    "virtualStoreDir": "/home/workspace/reactjs/coding-practices/nxtWatchApp/node_modules/.pnpm"
  },
  "3 debug pnpm:stage": {
    "prefix": "/home/workspace/reactjs/coding-practices/nxtWatchApp",
    "stage": "resolution_started"
  },
  "4 debug pnpm:_dependency_resolved": {
    "resolution": "registry.npmjs.org/babel-plugin-styled-components/1.13.2",
    "wanted": {
      "dependentId": ".",
      "name": "babel-plugin-styled-components",
      "rawSpec": "1.13.2"
    }
  },
  "5 debug pnpm:_dependency_resolved": {
    "resolution": "registry.npmjs.org/eslint-config-airbnb/18.2.1",
    "wanted": {
      "dependentId": ".",
      "name": "eslint-config-airbnb",
      "rawSpec": "18.2.1"
    }
  },
  "6 debug pnpm:_dependency_resolved": {
    "resolution": "registry.npmjs.org/eslint-config-prettier/8.1.0",
    "wanted": {
      "dependentId": ".",
      "name": "eslint-config-prettier",
      "rawSpec": "8.1.0"
    }
  },
  "7 debug pnpm:_dependency_resolved": {
    "resolution": "registry.npmjs.org/eslint-plugin-prettier/3.3.1",
    "wanted": {
      "dependentId": ".",
      "name": "eslint-plugin-prettier",
      "rawSpec": "3.3.1"
    }
  },
  "8 debug pnpm:_dependency_resolved": {
    "resolution": "registry.npmjs.org/husky/4.3.8",
    "wanted": {
      "dependentId": ".",
      "name": "husky",
      "rawSpec": "4.3.8"
    }
  },
  "9 debug pnpm:_dependency_resolved": {
    "resolution": "registry.npmjs.org/lint-staged/10.5.4",
    "wanted": {
      "dependentId": ".",
      "name": "lint-staged",
      "rawSpec": "10.5.4"
    }
  },
  "10 debug pnpm:_dependency_resolved": {
    "resolution": "registry.npmjs.org/npm-run-all/4.1.5",
    "wanted": {
      "dependentId": ".",
      "name": "npm-run-all",
      "rawSpec": "4.1.5"
    }
  },
  "11 debug pnpm:_dependency_resolved": {
    "resolution": "registry.npmjs.org/prettier/2.2.1",
    "wanted": {
      "dependentId": ".",
      "name": "prettier",
      "rawSpec": "2.2.1"
    }
  },
  "12 debug pnpm:_dependency_resolved": {
    "resolution": "registry.npmjs.org/react-scripts/4.0.3",
    "wanted": {
      "dependentId": ".",
      "name": "react-scripts",
      "rawSpec": "4.0.3"
    }
  },
  "13 debug pnpm:_dependency_resolved": {
    "resolution": "registry.npmjs.org/@craco/craco/6.1.1",
    "wanted": {
      "dependentId": ".",
      "name": "@craco/craco",
      "rawSpec": "6.1.1"
    }
  },
  "14 debug pnpm:_dependency_resolved": {
    "resolution": "registry.npmjs.org/@testing-library/jest-dom/5.11.9",
    "wanted": {
      "dependentId": ".",
      "name": "@testing-library/jest-dom",
      "rawSpec": "5.11.9"
    }
  },
  "15 debug pnpm:_dependency_resolved": {
    "resolution": "registry.npmjs.org/@testing-library/react/11.2.5",
    "wanted": {
      "dependentId": ".",
      "name": "@testing-library/react",
      "rawSpec": "11.2.5"
    }
  },
  "16 debug pnpm:_dependency_resolved": {
    "resolution": "registry.npmjs.org/@testing-library/user-event/12.6.2",
    "wanted": {
      "dependentId": ".",
      "name": "@testing-library/user-event",
      "rawSpec": "12.6.2"
    }
  },
  "17 debug pnpm:_dependency_resolved": {
    "resolution": "registry.npmjs.org/@wojtekmaj/enzyme-adapter-react-17/0.6.3",
    "wanted": {
      "dependentId": ".",
      "name": "@wojtekmaj/enzyme-adapter-react-17",
      "rawSpec": "0.6.3"
    }
  },
  "18 debug pnpm:_dependency_resolved": {
    "resolution": "registry.npmjs.org/chalk/4.1.0",
    "wanted": {
      "dependentId": ".",
      "name": "chalk",
      "rawSpec": "4.1.0"
    }
  },
  "19 debug pnpm:_dependency_resolved": {
    "resolution": "registry.npmjs.org/enzyme/3.11.0",
    "wanted": {
      "dependentId": ".",
      "name": "enzyme",
      "rawSpec": "3.11.0"
    }
  },
  "20 debug pnpm:_dependency_resolved": {
    "resolution": "registry.npmjs.org/date-fns/2.23.0",
    "wanted": {
      "dependentId": ".",
      "name": "date-fns",
      "rawSpec": "2.23.0"
    }
  },
  "21 debug pnpm:_dependency_resolved": {
    "resolution": "registry.npmjs.org/history/5.0.1",
    "wanted": {
      "dependentId": ".",
      "name": "history",
      "rawSpec": "5.0.1"
    }
  },
  "22 debug pnpm:_dependency_resolved": {
    "resolution": "registry.npmjs.org/jest-styled-components/7.0.5",
    "wanted": {
      "dependentId": ".",
      "name": "jest-styled-components",
      "rawSpec": "7.0.5"
    }
  },
  "23 debug pnpm:_dependency_resolved": {
    "resolution": "registry.npmjs.org/js-cookie/3.0.0",
    "wanted": {
      "dependentId": ".",
      "name": "js-cookie",
      "rawSpec": "3.0.0"
    }
  },
  "24 debug pnpm:_dependency_resolved": {
    "resolution": "registry.npmjs.org/msw/0.34.0",
    "wanted": {
      "dependentId": ".",
      "name": "msw",
      "rawSpec": "0.34.0"
    }
  },
  "25 debug pnpm:_dependency_resolved": {
    "resolution": "registry.npmjs.org/react/17.0.1",
    "wanted": {
      "dependentId": ".",
      "name": "react",
      "rawSpec": "17.0.1"
    }
  },
  "26 debug pnpm:_dependency_resolved": {
    "resolution": "registry.npmjs.org/react-dom/17.0.1",
    "wanted": {
      "dependentId": ".",
      "name": "react-dom",
      "rawSpec": "17.0.1"
    }
  },
  "27 debug pnpm:_dependency_resolved": {
    "resolution": "registry.npmjs.org/react-icons/4.2.0",
    "wanted": {
      "dependentId": ".",
      "name": "react-icons",
      "rawSpec": "4.2.0"
    }
  },
  "28 debug pnpm:_dependency_resolved": {
    "resolution": "registry.npmjs.org/react-loader-spinner/4.0.0",
    "wanted": {
      "dependentId": ".",
      "name": "react-loader-spinner",
      "rawSpec": "4.0.0"
    }
  },
  "29 debug pnpm:_dependency_resolved": {
    "resolution": "registry.npmjs.org/react-player/2.9.0",
    "wanted": {
      "dependentId": ".",
      "name": "react-player",
      "rawSpec": "2.9.0"
    }
  },
  "30 debug pnpm:_dependency_resolved": {
    "resolution": "registry.npmjs.org/react-router-dom/5.2.0",
    "wanted": {
      "dependentId": ".",
      "name": "react-router-dom",
      "rawSpec": "5.2.0"
    }
  },
  "31 debug pnpm:_dependency_resolved": {
    "resolution": "registry.npmjs.org/reactjs-popup/2.0.5",
    "wanted": {
      "dependentId": ".",
      "name": "reactjs-popup",
      "rawSpec": "2.0.5"
    }
  },
  "32 debug pnpm:_dependency_resolved": {
    "resolution": "registry.npmjs.org/styled-components/5.3.0",
    "wanted": {
      "dependentId": ".",
      "name": "styled-components",
      "rawSpec": "5.3.0"
    }
  },
  "33 debug pnpm:_dependency_resolved": {
    "resolution": "registry.npmjs.org/surge/0.23.0",
    "wanted": {
      "dependentId": ".",
      "name": "surge",
      "rawSpec": "0.23.0"
    }
  },
  "34 error pnpm": {
    "code": "ERR_PNPM_SPEC_NOT_SUPPORTED_BY_ANY_RESOLVER",
    "pkgsStack": [],
    "err": {
      "name": "pnpm",
      "message": "node_modules isn't supported by any available resolver.",
      "code": "ERR_PNPM_SPEC_NOT_SUPPORTED_BY_ANY_RESOLVER",
      "stack": "pnpm: node_modules isn't supported by any available resolver.\n    at Object.resolve (/usr/local/lib/node_modules/pnpm/dist/pnpm.cjs:86225:17)\n    at async run (/usr/local/lib/node_modules/pnpm/dist/pnpm.cjs:74299:23)"
    }
  }
}